2026-05-04 15:15:59,158 [INFO] 🚀 Fibonacci Strategy — запуск
2026-05-04 15:15:59,159 [INFO]    Пара: ETHUSDT | ТФ: 4h | Плечо: 3x
2026-05-04 15:15:59,159 [INFO]    Swing Window: 5 | Свечей: 500
2026-05-04 15:15:59,159 [INFO]    RSI: ✅ | Объём: ✅
2026-05-04 15:15:59,472 [INFO] 📊 Данные: 500 свечей, 2026-02-10 — 2026-05-04
2026-05-04 15:15:59,472 [INFO] Запуск бектеста ETHUSDT (500 свечей)
2026-05-04 15:15:59,867 [INFO] 
2026-05-04 15:15:59,868 [INFO] =======================================================
2026-05-04 15:15:59,868 [INFO]   РЕЗУЛЬТАТЫ БЕКТЕСТА ETHUSDT (4h)
2026-05-04 15:15:59,868 [INFO] =======================================================
2026-05-04 15:15:59,868 [INFO]   Всего сделок:      47
2026-05-04 15:15:59,868 [INFO]   Win Rate:          85.1%
2026-05-04 15:15:59,868 [INFO]   Средний выигрыш:   3.70%
2026-05-04 15:15:59,868 [INFO]   Средний проигрыш:  2.69%
2026-05-04 15:15:59,868 [INFO]   Общий PnL:         129.21%
2026-05-04 15:15:59,868 [INFO]   Profit Factor:     7.87
2026-05-04 15:15:59,868 [INFO]   Макс. просадка:     -5.33%
2026-05-04 15:15:59,869 [INFO]   Макс. прибыль:     8.37%
2026-05-04 15:15:59,870 [INFO]   Long:  42 сделок, WR 95%
2026-05-04 15:15:59,871 [INFO]   Short: 5 сделок, WR 0%
2026-05-04 15:15:59,871 [INFO] 
2026-05-04 15:15:59,871 [INFO]   Распределение по уровням Фибоначчи:
2026-05-04 15:15:59,871 [INFO]     Fib 0.618: 38 сделок, WR 84%, PnL +118.7%
2026-05-04 15:15:59,871 [INFO]     Fib 0.786: 9 сделок, WR 89%, PnL +10.5%
2026-05-04 15:15:59,871 [INFO] 
2026-05-04 15:15:59,872 [INFO]   Причины выхода:
2026-05-04 15:15:59,874 [INFO]     stop_loss: 43 сделок, средний PnL +3.24%
2026-05-04 15:15:59,876 [INFO]     take_profit: 4 сделок, средний PnL -2.50%
2026-05-04 15:15:59,876 [INFO] =======================================================
2026-05-04 15:15:59,876 [INFO] 
2026-05-04 15:15:59,881 [INFO] 💾 Результаты сохранены в results_eth.json
2026-05-04 15:15:59,881 [INFO] 
📈 Итог: 47 сделок, PnL +129.21%
2026-05-04 15:15:59,882 [INFO] ✅ Бектест завершён
2026-05-04 15:20:02,620 [INFO] 🚀 Fibonacci Strategy — запуск
2026-05-04 15:20:02,620 [INFO]    Пара: ETHUSDT | ТФ: 4h | Плечо: 3x
2026-05-04 15:20:02,620 [INFO]    Swing Window: 5 | Свечей: 500
2026-05-04 15:20:02,620 [INFO]    RSI: ✅ | Объём: ✅
2026-05-04 15:20:12,662 [ERROR] Ошибка получения данных: HTTPSConnectionPool(host='fapi.binance.com', port=443): Read timed out. (read timeout=10)
2026-05-04 15:20:12,662 [ERROR] ❌ Не удалось получить данные с Binance
2026-05-04 15:20:20,166 [INFO] 🚀 Fibonacci Strategy — запуск
2026-05-04 15:20:20,167 [INFO]    Пара: ETHUSDT | ТФ: 4h | Плечо: 3x
2026-05-04 15:20:20,167 [INFO]    Swing Window: 5 | Свечей: 500
2026-05-04 15:20:20,167 [INFO]    RSI: ✅ | Объём: ✅
2026-05-04 15:20:20,706 [INFO] 📊 Данные: 500 свечей, 2026-02-10 — 2026-05-04
2026-05-04 15:20:20,707 [INFO] Запуск бектеста ETHUSDT (500 свечей)
2026-05-04 15:20:21,103 [INFO] 
2026-05-04 15:20:21,104 [INFO] =======================================================
2026-05-04 15:20:21,104 [INFO]   РЕЗУЛЬТАТЫ БЕКТЕСТА ETHUSDT (4h)
2026-05-04 15:20:21,104 [INFO] =======================================================
2026-05-04 15:20:21,104 [INFO]   Всего сделок:      47
2026-05-04 15:20:21,104 [INFO]   Win Rate:          40.4%
2026-05-04 15:20:21,104 [INFO]   Средний выигрыш:   5.69%
2026-05-04 15:20:21,104 [INFO]   Средний проигрыш:  3.64%
2026-05-04 15:20:21,104 [INFO]   Общий PnL:         6.02%
2026-05-04 15:20:21,104 [INFO]   Profit Factor:     1.06
2026-05-04 15:20:21,105 [INFO]   Макс. просадка:     -6.29%
2026-05-04 15:20:21,105 [INFO]   Макс. прибыль:     12.06%
2026-05-04 15:20:21,107 [INFO]   Long:  39 сделок, WR 28%
2026-05-04 15:20:21,107 [INFO]   Short: 8 сделок, WR 100%
2026-05-04 15:20:21,108 [INFO] 
2026-05-04 15:20:21,108 [INFO]   Распределение по уровням Фибоначчи:
2026-05-04 15:20:21,108 [INFO]     Fib 0.618: 33 сделок, WR 42%, PnL -18.1%
2026-05-04 15:20:21,108 [INFO]     Fib 0.786: 14 сделок, WR 36%, PnL +24.1%
2026-05-04 15:20:21,108 [INFO] 
2026-05-04 15:20:21,108 [INFO]   Причины выхода:
2026-05-04 15:20:21,110 [INFO]     stop_loss: 36 сделок, средний PnL -1.42%
2026-05-04 15:20:21,115 [INFO]     take_profit: 11 сделок, средний PnL +5.19%
2026-05-04 15:20:21,115 [INFO] =======================================================
2026-05-04 15:20:21,115 [INFO] 
2026-05-04 15:20:21,116 [INFO] 
📈 Итог: 47 сделок, PnL +6.02%
2026-05-04 15:20:21,116 [INFO] ✅ Бектест завершён
2026-05-04 15:21:49,887 [INFO] 🚀 Fibonacci Strategy — запуск
2026-05-04 15:21:49,888 [INFO]    Пара: ETHUSDT | ТФ: 4h | Плечо: 3x
2026-05-04 15:21:49,888 [INFO]    Swing Window: 5 | Свечей: 500
2026-05-04 15:21:49,888 [INFO]    RSI: ✅ | Объём: ✅
2026-05-04 15:21:50,176 [INFO] 📊 Данные: 500 свечей, 2026-02-10 — 2026-05-04
2026-05-04 15:21:50,176 [INFO] Запуск бектеста ETHUSDT (500 свечей)
2026-05-04 15:21:50,614 [INFO] 
2026-05-04 15:21:50,614 [INFO] =======================================================
2026-05-04 15:21:50,614 [INFO]   РЕЗУЛЬТАТЫ БЕКТЕСТА ETHUSDT (4h)
2026-05-04 15:21:50,614 [INFO] =======================================================
2026-05-04 15:21:50,614 [INFO]   Всего сделок:      47
2026-05-04 15:21:50,614 [INFO]   Win Rate:          40.4%
2026-05-04 15:21:50,614 [INFO]   Средний выигрыш:   5.69%
2026-05-04 15:21:50,614 [INFO]   Средний проигрыш:  3.64%
2026-05-04 15:21:50,615 [INFO]   Общий PnL:         6.02%
2026-05-04 15:21:50,615 [INFO]   Profit Factor:     1.06
2026-05-04 15:21:50,615 [INFO]   Макс. просадка:     -6.29%
2026-05-04 15:21:50,615 [INFO]   Макс. прибыль:     12.06%
2026-05-04 15:21:50,616 [INFO]   Long:  39 сделок, WR 28%
2026-05-04 15:21:50,617 [INFO]   Short: 8 сделок, WR 100%
2026-05-04 15:21:50,617 [INFO] 
2026-05-04 15:21:50,617 [INFO]   Распределение по уровням Фибоначчи:
2026-05-04 15:21:50,617 [INFO]     Fib 0.618: 33 сделок, WR 42%, PnL -18.1%
2026-05-04 15:21:50,617 [INFO]     Fib 0.786: 14 сделок, WR 36%, PnL +24.1%
2026-05-04 15:21:50,617 [INFO] 
2026-05-04 15:21:50,617 [INFO]   Причины выхода:
2026-05-04 15:21:50,619 [INFO]     stop_loss: 36 сделок, средний PnL -1.42%
2026-05-04 15:21:50,621 [INFO]     take_profit: 11 сделок, средний PnL +5.19%
2026-05-04 15:21:50,621 [INFO] =======================================================
2026-05-04 15:21:50,621 [INFO] 
2026-05-04 15:21:50,625 [INFO] 💾 Результаты сохранены в results_eth_fixed.json
2026-05-04 15:21:50,625 [INFO] 
📈 Итог: 47 сделок, PnL +6.02%
2026-05-04 15:21:50,626 [INFO] ✅ Бектест завершён
2026-05-04 15:22:21,499 [INFO] 🚀 Fibonacci Strategy — запуск
2026-05-04 15:22:21,499 [INFO]    Пара: BTCUSDC | ТФ: 4h | Плечо: 3x
2026-05-04 15:22:21,499 [INFO]    Swing Window: 5 | Свечей: 500
2026-05-04 15:22:21,499 [INFO]    RSI: ✅ | Объём: ✅
2026-05-04 15:22:21,787 [INFO] 📊 Данные: 500 свечей, 2026-02-10 — 2026-05-04
2026-05-04 15:22:21,787 [INFO] Запуск бектеста BTCUSDC (500 свечей)
2026-05-04 15:22:22,200 [INFO] 
2026-05-04 15:22:22,200 [INFO] =======================================================
2026-05-04 15:22:22,201 [INFO]   РЕЗУЛЬТАТЫ БЕКТЕСТА BTCUSDC (4h)
2026-05-04 15:22:22,201 [INFO] =======================================================
2026-05-04 15:22:22,201 [INFO]   Всего сделок:      39
2026-05-04 15:22:22,201 [INFO]   Win Rate:          59.0%
2026-05-04 15:22:22,201 [INFO]   Средний выигрыш:   3.85%
2026-05-04 15:22:22,201 [INFO]   Средний проигрыш:  2.42%
2026-05-04 15:22:22,201 [INFO]   Общий PnL:         49.85%
2026-05-04 15:22:22,201 [INFO]   Profit Factor:     2.29
2026-05-04 15:22:22,201 [INFO]   Макс. просадка:     -3.79%
2026-05-04 15:22:22,202 [INFO]   Макс. прибыль:     6.90%
2026-05-04 15:22:22,203 [INFO]   Long:  31 сделок, WR 48%
2026-05-04 15:22:22,203 [INFO]   Short: 8 сделок, WR 100%
2026-05-04 15:22:22,204 [INFO] 
2026-05-04 15:22:22,204 [INFO]   Распределение по уровням Фибоначчи:
2026-05-04 15:22:22,204 [INFO]     Fib 0.618: 35 сделок, WR 60%, PnL +39.1%
2026-05-04 15:22:22,204 [INFO]     Fib 0.786: 4 сделок, WR 50%, PnL +10.7%
2026-05-04 15:22:22,204 [INFO] 
2026-05-04 15:22:22,204 [INFO]   Причины выхода:
2026-05-04 15:22:22,206 [INFO]     stop_loss: 24 сделок, средний PnL -0.30%
2026-05-04 15:22:22,207 [INFO]     take_profit: 15 сделок, средний PnL +3.81%
2026-05-04 15:22:22,207 [INFO] =======================================================
2026-05-04 15:22:22,207 [INFO] 
2026-05-04 15:22:22,210 [INFO] 💾 Результаты сохранены в results_btc_usdc.json
2026-05-04 15:22:22,211 [INFO] 
📈 Итог: 39 сделок, PnL +49.85%
2026-05-04 15:22:22,211 [INFO] ✅ Бектест завершён
2026-05-04 15:23:25,542 [INFO] 🚀 Fibonacci Strategy — запуск
2026-05-04 15:23:25,542 [INFO]    Пара: BTCUSDC | ТФ: 4h | Плечо: 3x
2026-05-04 15:23:25,542 [INFO]    Swing Window: 5 | Свечей: 500
2026-05-04 15:23:25,542 [INFO]    RSI: ✅ | Объём: ✅
2026-05-04 15:23:25,836 [INFO] 📊 Данные: 500 свечей, 2026-02-10 — 2026-05-04
2026-05-04 15:23:25,836 [INFO] Запуск бектеста BTCUSDC (500 свечей)
2026-05-04 15:23:26,233 [INFO] 
2026-05-04 15:23:26,233 [INFO] =======================================================
2026-05-04 15:23:26,233 [INFO]   РЕЗУЛЬТАТЫ БЕКТЕСТА BTCUSDC (4h)
2026-05-04 15:23:26,233 [INFO] =======================================================
2026-05-04 15:23:26,233 [INFO]   Всего сделок:      39
2026-05-04 15:23:26,233 [INFO]   Win Rate:          43.6%
2026-05-04 15:23:26,233 [INFO]   Средний выигрыш:   3.93%
2026-05-04 15:23:26,233 [INFO]   Средний проигрыш:  2.31%
2026-05-04 15:23:26,234 [INFO]   Общий PnL:         15.93%
2026-05-04 15:23:26,234 [INFO]   Profit Factor:     1.31
2026-05-04 15:23:26,234 [INFO]   Макс. просадка:     -3.97%
2026-05-04 15:23:26,234 [INFO]   Макс. прибыль:     6.90%
2026-05-04 15:23:26,235 [INFO]   Long:  31 сделок, WR 48%
2026-05-04 15:23:26,237 [INFO]   Short: 8 сделок, WR 25%
2026-05-04 15:23:26,237 [INFO] 
2026-05-04 15:23:26,237 [INFO]   Распределение по уровням Фибоначчи:
2026-05-04 15:23:26,237 [INFO]     Fib 0.618: 35 сделок, WR 46%, PnL +12.0%
2026-05-04 15:23:26,237 [INFO]     Fib 0.786: 4 сделок, WR 25%, PnL +3.9%
2026-05-04 15:23:26,237 [INFO] 
2026-05-04 15:23:26,237 [INFO]   Причины выхода:
2026-05-04 15:23:26,239 [INFO]     stop_loss: 22 сделок, средний PnL -2.31%
2026-05-04 15:23:26,242 [INFO]     take_profit: 17 сделок, средний PnL +3.93%
2026-05-04 15:23:26,242 [INFO] =======================================================
2026-05-04 15:23:26,243 [INFO] 
2026-05-04 15:23:26,250 [INFO] 💾 Результаты сохранены в results_btc_fixed.json
2026-05-04 15:23:26,251 [INFO] 
📈 Итог: 39 сделок, PnL +15.93%
2026-05-04 15:23:26,251 [INFO] ✅ Бектест завершён
